App 2056487 output: /opt/passenger-5.3.7-13.el6.cloudlinux/src/helper-scripts/wsgi-loader.py:26: DeprecationWarning: the imp module is deprecated in favour of importlib; see the module's documentation for alternative uses
App 2056487 output:   import sys, os, io, re, imp, threading, signal, traceback, socket, select, struct, logging, errno
App 2056487 output: Traceback (most recent call last):
App 2056487 output:   File "/opt/passenger-5.3.7-13.el6.cloudlinux/src/helper-scripts/wsgi-loader.py", line 369, in <module>
App 2056487 output:     
App 2056487 output: app_module = load_app()
App 2056487 output:   File "/opt/passenger-5.3.7-13.el6.cloudlinux/src/helper-scripts/wsgi-loader.py", line 76, in load_app
App 2056487 output:     
App 2056487 output: return imp.load_source('passenger_wsgi', startup_file)
App 2056487 output:   File "/home/dentvdqu/virtualenv/public_html/api/3.7/lib64/python3.7/imp.py", line 171, in load_source
App 2056487 output:     
App 2056487 output: module = _load(spec)
App 2056487 output:   File "<frozen importlib._bootstrap>", line 696, in _load
App 2056487 output:   File "<frozen importlib._bootstrap>", line 677, in _load_unlocked
App 2056487 output:   File "<frozen importlib._bootstrap_external>", line 728, in exec_module
App 2056487 output:   File "<frozen importlib._bootstrap>", line 219, in _call_with_frames_removed
App 2056487 output:   File "/home/dentvdqu/public_html/api/passenger_wsgi.py", line 8, in <module>
App 2056487 output:     
App 2056487 output: wsgi = imp.load_source('wsgi', 'api.py')
App 2056487 output:   File "/home/dentvdqu/virtualenv/public_html/api/3.7/lib64/python3.7/imp.py", line 171, in load_source
App 2056487 output:     
App 2056487 output: module = _load(spec)
App 2056487 output:   File "<frozen importlib._bootstrap>", line 696, in _load
App 2056487 output:   File "<frozen importlib._bootstrap>", line 677, in _load_unlocked
App 2056487 output:   File "<frozen importlib._bootstrap_external>", line 728, in exec_module
App 2056487 output:   File "<frozen importlib._bootstrap>", line 219, in _call_with_frames_removed
App 2056487 output:   File "api.py", line 6, in <module>
App 2056487 output:     
App 2056487 output: from flask import Flask, jsonify, request
App 2056487 output: ModuleNotFoundError: No module named 'flask'
App 2058257 output: /opt/passenger-5.3.7-13.el6.cloudlinux/src/helper-scripts/wsgi-loader.py:26: DeprecationWarning: the imp module is deprecated in favour of importlib; see the module's documentation for alternative uses
App 2058257 output:   import sys, os, io, re, imp, threading, signal, traceback, socket, select, struct, logging, errno
App 2058257 output: Traceback (most recent call last):
App 2058257 output:   File "/opt/passenger-5.3.7-13.el6.cloudlinux/src/helper-scripts/wsgi-loader.py", line 369, in <module>
App 2058257 output:     
App 2058257 output: app_module = load_app()
App 2058257 output:   File "/opt/passenger-5.3.7-13.el6.cloudlinux/src/helper-scripts/wsgi-loader.py", line 76, in load_app
App 2058257 output:     return imp.load_source('passenger_wsgi', startup_file)
App 2058257 output: 
App 2058257 output:   File "/home/dentvdqu/virtualenv/public_html/api/3.7/lib64/python3.7/imp.py", line 171, in load_source
App 2058257 output:     
App 2058257 output: module = _load(spec)
App 2058257 output:   File "<frozen importlib._bootstrap>", line 696, in _load
App 2058257 output:   File "<frozen importlib._bootstrap>", line 677, in _load_unlocked
App 2058257 output:   File "<frozen importlib._bootstrap_external>", line 728, in exec_module
App 2058257 output:   File "<frozen importlib._bootstrap>", line 219, in _call_with_frames_removed
App 2058257 output:   File "/home/dentvdqu/public_html/api/passenger_wsgi.py", line 8, in <module>
App 2058257 output:     
App 2058257 output: wsgi = imp.load_source('wsgi', 'api.py')
App 2058257 output:   File "/home/dentvdqu/virtualenv/public_html/api/3.7/lib64/python3.7/imp.py", line 171, in load_source
App 2058257 output:     
App 2058257 output: module = _load(spec)
App 2058257 output:   File "<frozen importlib._bootstrap>", line 696, in _load
App 2058257 output:   File "<frozen importlib._bootstrap>", line 677, in _load_unlocked
App 2058257 output:   File "<frozen importlib._bootstrap_external>", line 728, in exec_module
App 2058257 output:   File "<frozen importlib._bootstrap>", line 219, in _call_with_frames_removed
App 2058257 output:   File "api.py", line 6, in <module>
App 2058257 output:     
App 2058257 output: from flask import Flask, jsonify, request
App 2058257 output: ModuleNotFoundError: 
App 2058257 output: No module named 'flask'
App 2177481 output: /opt/passenger-5.3.7-13.el6.cloudlinux/src/helper-scripts/wsgi-loader.py:26: DeprecationWarning: the imp module is deprecated in favour of importlib; see the module's documentation for alternative uses
App 2177481 output:   import sys, os, io, re, imp, threading, signal, traceback, socket, select, struct, logging, errno
App 2177481 output: Traceback (most recent call last):
App 2177481 output:   File "/opt/passenger-5.3.7-13.el6.cloudlinux/src/helper-scripts/wsgi-loader.py", line 369, in <module>
App 2177481 output:     app_module = load_app()
App 2177481 output:   File "/opt/passenger-5.3.7-13.el6.cloudlinux/src/helper-scripts/wsgi-loader.py", line 76, in load_app
App 2177481 output:     return imp.load_source('passenger_wsgi', startup_file)
App 2177481 output:   File "/home/dentvdqu/virtualenv/public_html/api/3.7/lib64/python3.7/imp.py", line 171, in load_source
App 2177481 output:     module = _load(spec)
App 2177481 output:   File "<frozen importlib._bootstrap>", line 696, in _load
App 2177481 output:   File "<frozen importlib._bootstrap>", line 677, in _load_unlocked
App 2177481 output:   File "<frozen importlib._bootstrap_external>", line 728, in exec_module
App 2177481 output:   File "<frozen importlib._bootstrap>", line 219, in _call_with_frames_removed
App 2177481 output:   File "/home/dentvdqu/public_html/api/passenger_wsgi.py", line 8, in <module>
App 2177481 output:     wsgi = imp.load_source('wsgi', 'api.py')
App 2177481 output:   File "/home/dentvdqu/virtualenv/public_html/api/3.7/lib64/python3.7/imp.py", line 171, in load_source
App 2177481 output:     module = _load(spec)
App 2177481 output:   File "<frozen importlib._bootstrap>", line 696, in _load
App 2177481 output:   File "<frozen importlib._bootstrap>", line 677, in _load_unlocked
App 2177481 output:   File "<frozen importlib._bootstrap_external>", line 728, in exec_module
App 2177481 output:   File "<frozen importlib._bootstrap>", line 219, in _call_with_frames_removed
App 2177481 output:   File "api.py", line 6, in <module>
App 2177481 output:     from flask import Flask, jsonify, request
App 2177481 output: ModuleNotFoundError: No module named 'flask'
App 2198140 output: /opt/passenger-5.3.7-13.el6.cloudlinux/src/helper-scripts/wsgi-loader.py:26: DeprecationWarning: the imp module is deprecated in favour of importlib; see the module's documentation for alternative uses
App 2198140 output:   import sys, os, io, re, imp, threading, signal, traceback, socket, select, struct, logging, errno
App 2198140 output: Traceback (most recent call last):
App 2198140 output:   File "/opt/passenger-5.3.7-13.el6.cloudlinux/src/helper-scripts/wsgi-loader.py", line 369, in <module>
App 2198140 output:     
App 2198140 output: app_module = load_app()
App 2198140 output:   File "/opt/passenger-5.3.7-13.el6.cloudlinux/src/helper-scripts/wsgi-loader.py", line 76, in load_app
App 2198140 output:     
App 2198140 output: return imp.load_source('passenger_wsgi', startup_file)
App 2198140 output:   File "/home/dentvdqu/virtualenv/public_html/api/3.7/lib64/python3.7/imp.py", line 171, in load_source
App 2198140 output:     
App 2198140 output: module = _load(spec)
App 2198140 output:   File "<frozen importlib._bootstrap>", line 696, in _load
App 2198140 output:   File "<frozen importlib._bootstrap>", line 677, in _load_unlocked
App 2198140 output:   File "<frozen importlib._bootstrap_external>", line 728, in exec_module
App 2198140 output:   File "<frozen importlib._bootstrap>", line 219, in _call_with_frames_removed
App 2198140 output:   File "/home/dentvdqu/public_html/api/passenger_wsgi.py", line 8, in <module>
App 2198140 output:     
App 2198140 output: wsgi = imp.load_source('wsgi', 'api.py')
App 2198140 output:   File "/home/dentvdqu/virtualenv/public_html/api/3.7/lib64/python3.7/imp.py", line 171, in load_source
App 2198140 output:     
App 2198140 output: module = _load(spec)
App 2198140 output:   File "<frozen importlib._bootstrap>", line 696, in _load
App 2198140 output:   File "<frozen importlib._bootstrap>", line 677, in _load_unlocked
App 2198140 output:   File "<frozen importlib._bootstrap_external>", line 728, in exec_module
App 2198140 output:   File "<frozen importlib._bootstrap>", line 219, in _call_with_frames_removed
App 2198140 output:   File "api.py", line 6, in <module>
App 2198140 output:     
App 2198140 output: from flask import Flask, jsonify, request
App 2198140 output: ModuleNotFoundError
App 2198140 output: : No module named 'flask'
App 2407406 output: /opt/passenger-5.3.7-13.el6.cloudlinux/src/helper-scripts/wsgi-loader.py:26: DeprecationWarning: the imp module is deprecated in favour of importlib; see the module's documentation for alternative uses
App 2407406 output:   import sys, os, io, re, imp, threading, signal, traceback, socket, select, struct, logging, errno
App 2407406 output: Traceback (most recent call last):
App 2407406 output:   File "/opt/passenger-5.3.7-13.el6.cloudlinux/src/helper-scripts/wsgi-loader.py", line 369, in <module>
App 2407406 output:     app_module = load_app()
App 2407406 output:   File "/opt/passenger-5.3.7-13.el6.cloudlinux/src/helper-scripts/wsgi-loader.py", line 76, in load_app
App 2407406 output:     return imp.load_source('passenger_wsgi', startup_file)
App 2407406 output:   File "/home/dentvdqu/virtualenv/public_html/api/3.8/lib64/python3.8/imp.py", line 171, in load_source
App 2407406 output:     module = _load(spec)
App 2407406 output:   File "<frozen importlib._bootstrap>", line 702, in _load
App 2407406 output:   File "<frozen importlib._bootstrap>", line 671, in _load_unlocked
App 2407406 output:   File "<frozen importlib._bootstrap_external>", line 783, in exec_module
App 2407406 output:   File "<frozen importlib._bootstrap>", line 219, in _call_with_frames_removed
App 2407406 output:   File "/home/dentvdqu/public_html/api/passenger_wsgi.py", line 8, in <module>
App 2407406 output:     wsgi = imp.load_source('wsgi', 'api.py')
App 2407406 output:   File "/home/dentvdqu/virtualenv/public_html/api/3.8/lib64/python3.8/imp.py", line 171, in load_source
App 2407406 output:     module = _load(spec)
App 2407406 output:   File "<frozen importlib._bootstrap>", line 702, in _load
App 2407406 output:   File "<frozen importlib._bootstrap>", line 671, in _load_unlocked
App 2407406 output:   File "<frozen importlib._bootstrap_external>", line 783, in exec_module
App 2407406 output:   File "<frozen importlib._bootstrap>", line 219, in _call_with_frames_removed
App 2407406 output:   File "api.py", line 6, in <module>
App 2407406 output:     from flask import Flask, jsonify, request
App 2407406 output: ModuleNotFoundError: No module named 'flask'
App 2418453 output: /opt/passenger-5.3.7-13.el6.cloudlinux/src/helper-scripts/wsgi-loader.py:26: DeprecationWarning: the imp module is deprecated in favour of importlib; see the module's documentation for alternative uses
App 2418453 output:   import sys, os, io, re, imp, threading, signal, traceback, socket, select, struct, logging, errno
App 2418453 output: Traceback (most recent call last):
App 2418453 output:   File "/opt/passenger-5.3.7-13.el6.cloudlinux/src/helper-scripts/wsgi-loader.py", line 369, in <module>
App 2418453 output:     
App 2418453 output: app_module = load_app()
App 2418453 output:   File "/opt/passenger-5.3.7-13.el6.cloudlinux/src/helper-scripts/wsgi-loader.py", line 76, in load_app
App 2418453 output:     
App 2418453 output: return imp.load_source('passenger_wsgi', startup_file)
App 2418453 output:   File "/home/dentvdqu/virtualenv/public_html/api/3.8/lib64/python3.8/imp.py", line 171, in load_source
App 2418453 output:     
App 2418453 output: module = _load(spec)
App 2418453 output:   File "<frozen importlib._bootstrap>", line 702, in _load
App 2418453 output:   File "<frozen importlib._bootstrap>", line 671, in _load_unlocked
App 2418453 output:   File "<frozen importlib._bootstrap_external>", line 783, in exec_module
App 2418453 output:   File "<frozen importlib._bootstrap>", line 219, in _call_with_frames_removed
App 2418453 output:   File "/home/dentvdqu/public_html/api/passenger_wsgi.py", line 8, in <module>
App 2418453 output:     
App 2418453 output: wsgi = imp.load_source('wsgi', 'api.py')
App 2418453 output:   File "/home/dentvdqu/virtualenv/public_html/api/3.8/lib64/python3.8/imp.py", line 171, in load_source
App 2418453 output:     
App 2418453 output: module = _load(spec)
App 2418453 output:   File "<frozen importlib._bootstrap>", line 702, in _load
App 2418453 output:   File "<frozen importlib._bootstrap>", line 671, in _load_unlocked
App 2418453 output:   File "<frozen importlib._bootstrap_external>", line 783, in exec_module
App 2418453 output:   File "<frozen importlib._bootstrap>", line 219, in _call_with_frames_removed
App 2418453 output:   File "api.py", line 6, in <module>
App 2418453 output:     
App 2418453 output: from flask import Flask, jsonify, request
App 2418453 output: ModuleNotFoundError: No module named 'flask'
App 2968066 output: /opt/passenger-5.3.7-13.el6.cloudlinux/src/helper-scripts/wsgi-loader.py:26: DeprecationWarning: the imp module is deprecated in favour of importlib; see the module's documentation for alternative uses
App 2968066 output:   import sys, os, io, re, imp, threading, signal, traceback, socket, select, struct, logging, errno
App 3222284 output: /opt/passenger-5.3.7-13.el6.cloudlinux/src/helper-scripts/wsgi-loader.py:26: DeprecationWarning: the imp module is deprecated in favour of importlib; see the module's documentation for alternative uses
App 3222284 output:   import sys, os, io, re, imp, threading, signal, traceback, socket, select, struct, logging, errno
App 3252793 output: /opt/passenger-5.3.7-13.el6.cloudlinux/src/helper-scripts/wsgi-loader.py:26: DeprecationWarning: the imp module is deprecated in favour of importlib; see the module's documentation for alternative uses
App 3252793 output:   import sys, os, io, re, imp, threading, signal, traceback, socket, select, struct, logging, errno
App 3256708 output: /opt/passenger-5.3.7-13.el6.cloudlinux/src/helper-scripts/wsgi-loader.py:26: DeprecationWarning: the imp module is deprecated in favour of importlib; see the module's documentation for alternative uses
App 3256708 output:   import sys, os, io, re, imp, threading, signal, traceback, socket, select, struct, logging, errno
App 3266499 output: /opt/passenger-5.3.7-13.el6.cloudlinux/src/helper-scripts/wsgi-loader.py:26: DeprecationWarning: the imp module is deprecated in favour of importlib; see the module's documentation for alternative uses
App 3266499 output:   import sys, os, io, re, imp, threading, signal, traceback, socket, select, struct, logging, errno
App 3312565 output: /opt/passenger-5.3.7-13.el6.cloudlinux/src/helper-scripts/wsgi-loader.py:26: DeprecationWarning: the imp module is deprecated in favour of importlib; see the module's documentation for alternative uses
App 3312565 output:   import sys, os, io, re, imp, threading, signal, traceback, socket, select, struct, logging, errno
App 3327485 output: /opt/passenger-5.3.7-13.el6.cloudlinux/src/helper-scripts/wsgi-loader.py:26: DeprecationWarning: the imp module is deprecated in favour of importlib; see the module's documentation for alternative uses
App 3327485 output:   import sys, os, io, re, imp, threading, signal, traceback, socket, select, struct, logging, errno
App 3338205 output: /opt/passenger-5.3.7-13.el6.cloudlinux/src/helper-scripts/wsgi-loader.py:26: DeprecationWarning: the imp module is deprecated in favour of importlib; see the module's documentation for alternative uses
App 3338205 output:   import sys, os, io, re, imp, threading, signal, traceback, socket, select, struct, logging, errno
App 3357346 output: /opt/passenger-5.3.7-13.el6.cloudlinux/src/helper-scripts/wsgi-loader.py:26: DeprecationWarning: the imp module is deprecated in favour of importlib; see the module's documentation for alternative uses
App 3357346 output:   import sys, os, io, re, imp, threading, signal, traceback, socket, select, struct, logging, errno
App 3368821 output: /opt/passenger-5.3.7-13.el6.cloudlinux/src/helper-scripts/wsgi-loader.py:26: DeprecationWarning: the imp module is deprecated in favour of importlib; see the module's documentation for alternative uses
App 3368821 output:   import sys, os, io, re, imp, threading, signal, traceback, socket, select, struct, logging, errno
App 3425202 output: /opt/passenger-5.3.7-13.el6.cloudlinux/src/helper-scripts/wsgi-loader.py:26: DeprecationWarning: the imp module is deprecated in favour of importlib; see the module's documentation for alternative uses
App 3425202 output:   import sys, os, io, re, imp, threading, signal, traceback, socket, select, struct, logging, errno
App 3435755 output: /opt/passenger-5.3.7-13.el6.cloudlinux/src/helper-scripts/wsgi-loader.py:26: DeprecationWarning: the imp module is deprecated in favour of importlib; see the module's documentation for alternative uses
App 3435755 output:   import sys, os, io, re, imp, threading, signal, traceback, socket, select, struct, logging, errno
App 3466418 output: /opt/passenger-5.3.7-13.el6.cloudlinux/src/helper-scripts/wsgi-loader.py:26: DeprecationWarning: the imp module is deprecated in favour of importlib; see the module's documentation for alternative uses
App 3466418 output:   import sys, os, io, re, imp, threading, signal, traceback, socket, select, struct, logging, errno
App 3512928 output: /opt/passenger-5.3.7-13.el6.cloudlinux/src/helper-scripts/wsgi-loader.py:26: DeprecationWarning: the imp module is deprecated in favour of importlib; see the module's documentation for alternative uses
App 3512928 output:   import sys, os, io, re, imp, threading, signal, traceback, socket, select, struct, logging, errno
App 3816379 output: /opt/passenger-5.3.7-13.el6.cloudlinux/src/helper-scripts/wsgi-loader.py:26: DeprecationWarning: the imp module is deprecated in favour of importlib; see the module's documentation for alternative uses
App 3816379 output:   import sys, os, io, re, imp, threading, signal, traceback, socket, select, struct, logging, errno
App 8120 output: /opt/passenger-5.3.7-13.el6.cloudlinux/src/helper-scripts/wsgi-loader.py:26: DeprecationWarning: the imp module is deprecated in favour of importlib; see the module's documentation for alternative uses
App 8120 output:   import sys, os, io, re, imp, threading, signal, traceback, socket, select, struct, logging, errno
App 735080 output: /opt/passenger-5.3.7-13.el6.cloudlinux/src/helper-scripts/wsgi-loader.py:26: DeprecationWarning: the imp module is deprecated in favour of importlib; see the module's documentation for alternative uses
App 735080 output:   import sys, os, io, re, imp, threading, signal, traceback, socket, select, struct, logging, errno
App 746638 output: /opt/passenger-5.3.7-13.el6.cloudlinux/src/helper-scripts/wsgi-loader.py:26: DeprecationWarning: the imp module is deprecated in favour of importlib; see the module's documentation for alternative uses
App 746638 output:   import sys, os, io, re, imp, threading, signal, traceback, socket, select, struct, logging, errno
App 772591 output: /opt/passenger-5.3.7-13.el6.cloudlinux/src/helper-scripts/wsgi-loader.py:26: DeprecationWarning: the imp module is deprecated in favour of importlib; see the module's documentation for alternative uses
App 772591 output:   import sys, os, io, re, imp, threading, signal, traceback, socket, select, struct, logging, errno
App 783252 output: /opt/passenger-5.3.7-13.el6.cloudlinux/src/helper-scripts/wsgi-loader.py:26: DeprecationWarning: the imp module is deprecated in favour of importlib; see the module's documentation for alternative uses
App 783252 output:   import sys, os, io, re, imp, threading, signal, traceback, socket, select, struct, logging, errno
App 802680 output: /opt/passenger-5.3.7-13.el6.cloudlinux/src/helper-scripts/wsgi-loader.py:26: DeprecationWarning: the imp module is deprecated in favour of importlib; see the module's documentation for alternative uses
App 802680 output:   import sys, os, io, re, imp, threading, signal, traceback, socket, select, struct, logging, errno
App 826445 output: /opt/passenger-5.3.7-13.el6.cloudlinux/src/helper-scripts/wsgi-loader.py:26: DeprecationWarning: the imp module is deprecated in favour of importlib; see the module's documentation for alternative uses
App 826445 output:   import sys, os, io, re, imp, threading, signal, traceback, socket, select, struct, logging, errno
App 1772995 output: /opt/passenger-5.3.7-13.el6.cloudlinux/src/helper-scripts/wsgi-loader.py:26: DeprecationWarning: the imp module is deprecated in favour of importlib; see the module's documentation for alternative uses
App 1772995 output:   import sys, os, io, re, imp, threading, signal, traceback, socket, select, struct, logging, errno
App 3198370 output: /opt/passenger-5.3.7-13.el6.cloudlinux/src/helper-scripts/wsgi-loader.py:26: DeprecationWarning: the imp module is deprecated in favour of importlib; see the module's documentation for alternative uses
App 3198370 output:   import sys, os, io, re, imp, threading, signal, traceback, socket, select, struct, logging, errno
App 3217276 output: /opt/passenger-5.3.7-13.el6.cloudlinux/src/helper-scripts/wsgi-loader.py:26: DeprecationWarning: the imp module is deprecated in favour of importlib; see the module's documentation for alternative uses
App 3217276 output:   import sys, os, io, re, imp, threading, signal, traceback, socket, select, struct, logging, errno
App 3249060 output: /opt/passenger-5.3.7-13.el6.cloudlinux/src/helper-scripts/wsgi-loader.py:26: DeprecationWarning: the imp module is deprecated in favour of importlib; see the module's documentation for alternative uses
App 3249060 output:   import sys, os, io, re, imp, threading, signal, traceback, socket, select, struct, logging, errno
App 3440054 output: /opt/passenger-5.3.7-13.el6.cloudlinux/src/helper-scripts/wsgi-loader.py:26: DeprecationWarning: the imp module is deprecated in favour of importlib; see the module's documentation for alternative uses
App 3440054 output:   import sys, os, io, re, imp, threading, signal, traceback, socket, select, struct, logging, errno
App 3458287 output: /opt/passenger-5.3.7-13.el6.cloudlinux/src/helper-scripts/wsgi-loader.py:26: DeprecationWarning: the imp module is deprecated in favour of importlib; see the module's documentation for alternative uses
App 3458287 output:   import sys, os, io, re, imp, threading, signal, traceback, socket, select, struct, logging, errno
App 3481403 output: /opt/passenger-5.3.7-13.el6.cloudlinux/src/helper-scripts/wsgi-loader.py:26: DeprecationWarning: the imp module is deprecated in favour of importlib; see the module's documentation for alternative uses
App 3481403 output:   import sys, os, io, re, imp, threading, signal, traceback, socket, select, struct, logging, errno
App 3503178 output: /opt/passenger-5.3.7-13.el6.cloudlinux/src/helper-scripts/wsgi-loader.py:26: DeprecationWarning: the imp module is deprecated in favour of importlib; see the module's documentation for alternative uses
App 3503178 output:   import sys, os, io, re, imp, threading, signal, traceback, socket, select, struct, logging, errno
App 3520141 output: /opt/passenger-5.3.7-13.el6.cloudlinux/src/helper-scripts/wsgi-loader.py:26: DeprecationWarning: the imp module is deprecated in favour of importlib; see the module's documentation for alternative uses
App 3520141 output:   import sys, os, io, re, imp, threading, signal, traceback, socket, select, struct, logging, errno
App 3554447 output: /opt/passenger-5.3.7-13.el6.cloudlinux/src/helper-scripts/wsgi-loader.py:26: DeprecationWarning: the imp module is deprecated in favour of importlib; see the module's documentation for alternative uses
App 3554447 output:   import sys, os, io, re, imp, threading, signal, traceback, socket, select, struct, logging, errno
App 3582199 output: /opt/passenger-5.3.7-13.el6.cloudlinux/src/helper-scripts/wsgi-loader.py:26: DeprecationWarning: the imp module is deprecated in favour of importlib; see the module's documentation for alternative uses
App 3582199 output:   import sys, os, io, re, imp, threading, signal, traceback, socket, select, struct, logging, errno
App 3607578 output: /opt/passenger-5.3.7-13.el6.cloudlinux/src/helper-scripts/wsgi-loader.py:26: DeprecationWarning: the imp module is deprecated in favour of importlib; see the module's documentation for alternative uses
App 3607578 output:   import sys, os, io, re, imp, threading, signal, traceback, socket, select, struct, logging, errno
